# JRE version: Java(TM) SE Runtime Environment (8.0_101-b13) (build 1.8.0_101-b13)
# Java VM: Java HotSpot(TM) 64-Bit Server VM (25.101-b13 mixed mode windows-amd64 compressed oops)
Heap:
 PSYoungGen      total 337408K, used 175104K [0x00000000e0000000, 0x0000000100000000, 0x0000000100000000)
  eden space 175104K, 100% used [0x00000000e0000000,0x00000000eab00000,0x00000000eab00000)
  from space 162304K, 0% used [0x00000000f6180000,0x00000000f6180000,0x0000000100000000)
  to   space 174592K, 0% used [0x00000000eab00000,0x00000000eab00000,0x00000000f5580000)
 ParOldGen       total 272896K, used 272695K [0x00000000a0000000, 0x00000000b0a80000, 0x00000000e0000000)
  object space 272896K, 99% used [0x00000000a0000000,0x00000000b0a4dc48,0x00000000b0a80000)
 Metaspace       used 74212K, capacity 77170K, committed 77312K, reserved 1116160K
  class space    used 9565K, capacity 10145K, committed 10240K, reserved 1048576K
GC Heap History (10 events):
Event: 778.475 GC heap after
Heap after GC invocations=92 (full 28):
 PSYoungGen      total 337408K, used 115862K [0x00000000e0000000, 0x0000000100000000, 0x0000000100000000)
  eden space 175104K, 66% used [0x00000000e0000000,0x00000000e7125900,0x00000000eab00000)
  from space 162304K, 0% used [0x00000000f6180000,0x00000000f6180000,0x0000000100000000)
  to   space 174592K, 0% used [0x00000000eab00000,0x00000000eab00000,0x00000000f5580000)
 ParOldGen       total 272896K, used 272461K [0x00000000a0000000, 0x00000000b0a80000, 0x00000000e0000000)
  object space 272896K, 99% used [0x00000000a0000000,0x00000000b0a13498,0x00000000b0a80000)
 Metaspace       used 74205K, capacity 77170K, committed 77312K, reserved 1116160K
  class space    used 9565K, capacity 10145K, committed 10240K, reserved 1048576K
}
Event: 778.567 GC heap before
{Heap before GC invocations=93 (full 29):
 PSYoungGen      total 337408K, used 175104K [0x00000000e0000000, 0x0000000100000000, 0x0000000100000000)
  eden space 175104K, 100% used [0x00000000e0000000,0x00000000eab00000,0x00000000eab00000)
  from space 162304K, 0% used [0x00000000f6180000,0x00000000f6180000,0x0000000100000000)
  to   space 174592K, 0% used [0x00000000eab00000,0x00000000eab00000,0x00000000f5580000)
 ParOldGen       total 272896K, used 272461K [0x00000000a0000000, 0x00000000b0a80000, 0x00000000e0000000)
  object space 272896K, 99% used [0x00000000a0000000,0x00000000b0a13498,0x00000000b0a80000)
 Metaspace       used 74207K, capacity 77170K, committed 77312K, reserved 1116160K
  class space    used 9565K, capacity 10145K, committed 10240K, reserved 1048576K
Event: 779.476 GC heap after
Heap after GC invocations=93 (full 29):
 PSYoungGen      total 337408K, used 59919K [0x00000000e0000000, 0x0000000100000000, 0x0000000100000000)
  eden space 175104K, 34% used [0x00000000e0000000,0x00000000e3a83fb0,0x00000000eab00000)
  from space 162304K, 0% used [0x00000000f6180000,0x00000000f6180000,0x0000000100000000)
  to   space 174592K, 0% used [0x00000000eab00000,0x00000000eab00000,0x00000000f5580000)
 ParOldGen       total 272896K, used 272878K [0x00000000a0000000, 0x00000000b0a80000, 0x00000000e0000000)
  object space 272896K, 99% used [0x00000000a0000000,0x00000000b0a7b930,0x00000000b0a80000)
 Metaspace       used 74207K, capacity 77170K, committed 77312K, reserved 1116160K
  class space    used 9565K, capacity 10145K, committed 10240K, reserved 1048576K
}
Event: 779.661 GC heap before
{Heap before GC invocations=94 (full 30):
 PSYoungGen      total 337408K, used 175104K [0x00000000e0000000, 0x0000000100000000, 0x0000000100000000)
  eden space 175104K, 100% used [0x00000000e0000000,0x00000000eab00000,0x00000000eab00000)
  from space 162304K, 0% used [0x00000000f6180000,0x00000000f6180000,0x0000000100000000)
  to   space 174592K, 0% used [0x00000000eab00000,0x00000000eab00000,0x00000000f5580000)
 ParOldGen       total 272896K, used 272878K [0x00000000a0000000, 0x00000000b0a80000, 0x00000000e0000000)
  object space 272896K, 99% used [0x00000000a0000000,0x00000000b0a7b930,0x00000000b0a80000)
 Metaspace       used 74210K, capacity 77170K, committed 77312K, reserved 1116160K
  class space    used 9565K, capacity 10145K, committed 10240K, reserved 1048576K
Event: 780.195 GC heap after
Heap after GC invocations=94 (full 30):
 PSYoungGen      total 337408K, used 0K [0x00000000e0000000, 0x0000000100000000, 0x0000000100000000)
  eden space 175104K, 0% used [0x00000000e0000000,0x00000000e0000000,0x00000000eab00000)
  from space 162304K, 0% used [0x00000000f6180000,0x00000000f6180000,0x0000000100000000)
  to   space 174592K, 0% used [0x00000000eab00000,0x00000000eab00000,0x00000000f5580000)
 ParOldGen       total 272896K, used 266776K [0x00000000a0000000, 0x00000000b0a80000, 0x00000000e0000000)
  object space 272896K, 97% used [0x00000000a0000000,0x00000000b0486118,0x00000000b0a80000)
 Metaspace       used 74210K, capacity 77170K, committed 77312K, reserved 1116160K
  class space    used 9565K, capacity 10145K, committed 10240K, reserved 1048576K
}
Event: 780.393 GC heap before
{Heap before GC invocations=95 (full 31):
 PSYoungGen      total 337408K, used 175104K [0x00000000e0000000, 0x0000000100000000, 0x0000000100000000)
  eden space 175104K, 100% used [0x00000000e0000000,0x00000000eab00000,0x00000000eab00000)
  from space 162304K, 0% used [0x00000000f6180000,0x00000000f6180000,0x0000000100000000)
  to   space 174592K, 0% used [0x00000000eab00000,0x00000000eab00000,0x00000000f5580000)
 ParOldGen       total 272896K, used 266776K [0x00000000a0000000, 0x00000000b0a80000, 0x00000000e0000000)
  object space 272896K, 97% used [0x00000000a0000000,0x00000000b0486118,0x00000000b0a80000)
 Metaspace       used 74212K, capacity 77170K, committed 77312K, reserved 1116160K
  class space    used 9565K, capacity 10145K, committed 10240K, reserved 1048576K
Event: 781.904 GC heap after
Heap after GC invocations=95 (full 31):
 PSYoungGen      total 337408K, used 14439K [0x00000000e0000000, 0x0000000100000000, 0x0000000100000000)
  eden space 175104K, 8% used [0x00000000e0000000,0x00000000e0e19de0,0x00000000eab00000)
  from space 162304K, 0% used [0x00000000f6180000,0x00000000f6180000,0x0000000100000000)
  to   space 174592K, 0% used [0x00000000eab00000,0x00000000eab00000,0x00000000f5580000)
 ParOldGen       total 272896K, used 272864K [0x00000000a0000000, 0x00000000b0a80000, 0x00000000e0000000)
  object space 272896K, 99% used [0x00000000a0000000,0x00000000b0a78258,0x00000000b0a80000)
 Metaspace       used 74212K, capacity 77170K, committed 77312K, reserved 1116160K
  class space    used 9565K, capacity 10145K, committed 10240K, reserved 1048576K
}
Event: 782.014 GC heap before
{Heap before GC invocations=96 (full 32):
 PSYoungGen      total 337408K, used 175104K [0x00000000e0000000, 0x0000000100000000, 0x0000000100000000)
  eden space 175104K, 100% used [0x00000000e0000000,0x00000000eab00000,0x00000000eab00000)
  from space 162304K, 0% used [0x00000000f6180000,0x00000000f6180000,0x0000000100000000)
  to   space 174592K, 0% used [0x00000000eab00000,0x00000000eab00000,0x00000000f5580000)
 ParOldGen       total 272896K, used 272864K [0x00000000a0000000, 0x00000000b0a80000, 0x00000000e0000000)
  object space 272896K, 99% used [0x00000000a0000000,0x00000000b0a78258,0x00000000b0a80000)
 Metaspace       used 74212K, capacity 77170K, committed 77312K, reserved 1116160K
  class space    used 9565K, capacity 10145K, committed 10240K, reserved 1048576K
Event: 783.137 GC heap after
Heap after GC invocations=96 (full 32):
 PSYoungGen      total 337408K, used 59620K [0x00000000e0000000, 0x0000000100000000, 0x0000000100000000)
  eden space 175104K, 34% used [0x00000000e0000000,0x00000000e3a393a8,0x00000000eab00000)
  from space 162304K, 0% used [0x00000000f6180000,0x00000000f6180000,0x0000000100000000)
  to   space 174592K, 0% used [0x00000000eab00000,0x00000000eab00000,0x00000000f5580000)
 ParOldGen       total 272896K, used 272695K [0x00000000a0000000, 0x00000000b0a80000, 0x00000000e0000000)
  object space 272896K, 99% used [0x00000000a0000000,0x00000000b0a4dc48,0x00000000b0a80000)
 Metaspace       used 74212K, capacity 77170K, committed 77312K, reserved 1116160K
  class space    used 9565K, capacity 10145K, committed 10240K, reserved 1048576K
}
Event: 783.352 GC heap before
{Heap before GC invocations=97 (full 33):
 PSYoungGen      total 337408K, used 175104K [0x00000000e0000000, 0x0000000100000000, 0x0000000100000000)
  eden space 175104K, 100% used [0x00000000e0000000,0x00000000eab00000,0x00000000eab00000)
  from space 162304K, 0% used [0x00000000f6180000,0x00000000f6180000,0x0000000100000000)
  to   space 174592K, 0% used [0x00000000eab00000,0x00000000eab00000,0x00000000f5580000)
 ParOldGen       total 272896K, used 272695K [0x00000000a0000000, 0x00000000b0a80000, 0x00000000e0000000)
  object space 272896K, 99% used [0x00000000a0000000,0x00000000b0a4dc48,0x00000000b0a80000)
 Metaspace       used 74212K, capacity 77170K, committed 77312K, reserved 1116160K
  class space    used 9565K, capacity 10145K, committed 10240K, reserved 1048576K

